<?xml version="1.0" encoding="UTF-8"?>
<testsuites name="Landing page" time="1" tests="0" failures="0" errors="0">
   <testsuite name="Landing page" tests="0" failures="0" errors="0" time="1" timestamp="2018-02-09 12:50:53" hostname="musienkok - 172.16.0.109" id="Test Suites/Landing page">
      <properties>
         <property name="deviceName" value=""/>
         <property name="devicePlatform" value=""/>
         <property name="logFolder" value="/Users/musienkok/Katalon Studio/CityMap Project/Reports/Landing page/20180209_125051"/>
         <property name="logFiles" value="/Users/musienkok/Katalon Studio/CityMap Project/Reports/Landing page/20180209_125051/execution0.log"/>
         <property name="attachments" value=""/>
         <property name="hostName" value="musienkok - 172.16.0.109"/>
         <property name="hostAddress" value="172.16.0.109"/>
         <property name="os" value="Mac OS X 64bit"/>
         <property name="katalonVersion" value="5.2.0.1"/>
      </properties>
      <testcase name="Test Cases/Check Landing Page Title" classname="Test Cases/Check Landing Page Title" status="INCOMPLETE">
         <system-out><![CDATA[2018-02-09 12:50:54 - [TEST_CASE][INCOMPLETE] - Test Cases/Check Landing Page Title: null

2018-02-09 12:50:54 - [TEST_STEP][INCOMPLETE] - openBrowser: Opening browser]]></system-out>
         <system-err><![CDATA[2018-02-09 12:50:54 - [TEST_CASE][INCOMPLETE] - Test Cases/Check Landing Page Title: null]]></system-err>
      </testcase>
      <system-out><![CDATA[2018-02-09 12:50:53 - [TEST_SUITE][INCOMPLETE] - Landing page: null]]></system-out>
      <system-err><![CDATA[2018-02-09 12:50:53 - [TEST_SUITE][INCOMPLETE] - Landing page: null]]></system-err>
   </testsuite>
</testsuites>
