<?xml version="1.0" encoding="UTF-8"?>
<testsuites name="Landing page" time="9" tests="1" failures="1" errors="0">
   <testsuite name="Landing page" tests="1" failures="1" errors="0" time="9" timestamp="2018-02-10 21:22:23" hostname="musienkok - 192.168.2.8" id="Test Suites/Landing page">
      <properties>
         <property name="deviceName" value=""/>
         <property name="devicePlatform" value=""/>
         <property name="logFolder" value="/Users/musienkok/Katalon Studio/CityMap Project/Reports/Landing page/20180210_212222"/>
         <property name="logFiles" value="/Users/musienkok/Katalon Studio/CityMap Project/Reports/Landing page/20180210_212222/execution0.log"/>
         <property name="attachments" value=""/>
         <property name="hostName" value="musienkok - 192.168.2.8"/>
         <property name="os" value="Mac OS X 64bit"/>
         <property name="katalonVersion" value="5.2.0.1"/>
         <property name="browser" value="Chrome 63.0.3239.132"/>
         <property name="hostAddress" value="192.168.2.8"/>
         <property name="sessionId" value="47dbd29ceea665cc2af79d66152f8bd0"/>
         <property name="seleniumVersion" value="3.7.1"/>
         <property name="proxyInformation" value="ProxyInformation{proxyOption=NO_PROXY, proxyServerType=HTTP, password=, proxyServerAddress=, proxyServerPort=0}"/>
         <property name="platform" value="Mac OS X"/>
      </properties>
      <testcase name="Test Cases/Check Landing Page Title" classname="Test Cases/Check Landing Page Title" status="FAILED">
         <failure type="FAILED" message="Unable to verify match between actual text 'Willkommen, Java Hipster!' and expected text 'City WiFi Map' using regular expression (Root cause: Actual text 'Willkommen, Java Hipster!' and expected text 'City WiFi Map' are not matched using regular expression)"/>
         <system-out><![CDATA[2018-02-10 21:22:24 - [TEST_CASE][FAILED] - Test Cases/Check Landing Page Title: Test Cases/Check Landing Page Title FAILED because (of) Unable to verify match between actual text 'Willkommen, Java Hipster!' and expected text 'City WiFi Map' using regular expression (Root cause: Actual text 'Willkommen, Java Hipster!' and expected text 'City WiFi Map' are not matched using regular expression)

2018-02-10 21:22:24 - [TEST_STEP][PASSED] - openBrowser: Browser is opened with url: ''

2018-02-10 21:22:27 - [MESSAGE][PASSED] - Browser is opened with url: ''

2018-02-10 21:22:27 - [TEST_STEP][PASSED] - navigateToUrl: Navigate to 'https://citymap.intetics.com/#/' successfully

2018-02-10 21:22:29 - [MESSAGE][PASSED] - Navigate to 'https://citymap.intetics.com/#/' successfully

2018-02-10 21:22:29 - [TEST_STEP][PASSED] - Statement - title = com.kms.katalon.core.webui.keyword.WebUiBuiltInKeywords.getWindowTitle(): Current window's title is: 'Willkommen, Java Hipster!'

2018-02-10 21:22:29 - [MESSAGE][PASSED] - Current window's title is: 'Willkommen, Java Hipster!'

2018-02-10 21:22:29 - [TEST_STEP][FAILED] - verifyMatch: Unable to verify match between actual text 'Willkommen, Java Hipster!' and expected text 'City WiFi Map' using regular expression (Root cause: Actual text 'Willkommen, Java Hipster!' and expected text 'City WiFi Map' are not matched using regular expression)

2018-02-10 21:22:29 - [MESSAGE][FAILED] - Unable to verify match between actual text 'Willkommen, Java Hipster!' and expected text 'City WiFi Map' using regular expression (Root cause: Actual text 'Willkommen, Java Hipster!' and expected text 'City WiFi Map' are not matched using regular expression)]]></system-out>
         <system-err><![CDATA[2018-02-10 21:22:24 - [TEST_CASE][FAILED] - Test Cases/Check Landing Page Title: Test Cases/Check Landing Page Title FAILED because (of) Unable to verify match between actual text 'Willkommen, Java Hipster!' and expected text 'City WiFi Map' using regular expression (Root cause: Actual text 'Willkommen, Java Hipster!' and expected text 'City WiFi Map' are not matched using regular expression)]]></system-err>
      </testcase>
      <testcase name="Test Cases/Verified That Elemets are Clikable" classname="Test Cases/Verified That Elemets are Clikable" status="PASSED">
         <system-out><![CDATA[2018-02-10 21:22:29 - [TEST_CASE][PASSED] - Test Cases/Verified That Elemets are Clikable: Test Cases/Verified That Elemets are Clikable

2018-02-10 21:22:29 - [TEST_STEP][PASSED] - openBrowser: Browser is opened with url: ''

2018-02-10 21:22:29 - [MESSAGE][WARNING] - A browser is already opened. Closing browser and opening a new one

2018-02-10 21:22:30 - [MESSAGE][PASSED] - Browser is opened with url: ''

2018-02-10 21:22:30 - [TEST_STEP][PASSED] - navigateToUrl: Navigate to 'https://citymap.intetics.com/#/' successfully

2018-02-10 21:22:33 - [MESSAGE][PASSED] - Navigate to 'https://citymap.intetics.com/#/' successfully

2018-02-10 21:22:33 - [TEST_STEP][PASSED] - verifyElementClickable: Object 'Object Repository/Landing Page Objects/Page_Wifi City Map/Tab Map' is clickable

2018-02-10 21:22:33 - [MESSAGE][PASSED] - Object 'Object Repository/Landing Page Objects/Page_Wifi City Map/Tab Map' is clickable

2018-02-10 21:22:33 - [TEST_STEP][PASSED] - verifyElementClickable: Object 'Object Repository/Landing Page Objects/Page_Wifi City Map/Tab My Access Points' is clickable

2018-02-10 21:22:33 - [MESSAGE][PASSED] - Object 'Object Repository/Landing Page Objects/Page_Wifi City Map/Tab My Access Points' is clickable

2018-02-10 21:22:33 - [TEST_STEP][PASSED] - verifyElementClickable: Object 'Object Repository/Landing Page Objects/Page_Wifi City Map/Button Sign In' is clickable

2018-02-10 21:22:33 - [MESSAGE][PASSED] - Object 'Object Repository/Landing Page Objects/Page_Wifi City Map/Button Sign In' is clickable

2018-02-10 21:22:33 - [TEST_STEP][PASSED] - closeBrowser: Browser is closed

2018-02-10 21:22:33 - [MESSAGE][PASSED] - Browser is closed]]></system-out>
         <system-err><![CDATA[]]></system-err>
      </testcase>
      <system-out><![CDATA[2018-02-10 21:22:23 - [TEST_SUITE][FAILED] - Landing page: Test Cases/Check Landing Page Title FAILED because (of) Unable to verify match between actual text 'Willkommen, Java Hipster!' and expected text 'City WiFi Map' using regular expression (Root cause: Actual text 'Willkommen, Java Hipster!' and expected text 'City WiFi Map' are not matched using regular expression)]]></system-out>
      <system-err><![CDATA[2018-02-10 21:22:23 - [TEST_SUITE][FAILED] - Landing page: Test Cases/Check Landing Page Title FAILED because (of) Unable to verify match between actual text 'Willkommen, Java Hipster!' and expected text 'City WiFi Map' using regular expression (Root cause: Actual text 'Willkommen, Java Hipster!' and expected text 'City WiFi Map' are not matched using regular expression)]]></system-err>
   </testsuite>
</testsuites>
