<?xml version="1.0" encoding="UTF-8"?>
<testsuites name="Landing page" time="9" tests="2" failures="0" errors="0">
   <testsuite name="Landing page" tests="2" failures="0" errors="0" time="9" timestamp="2018-02-10 21:44:24" hostname="musienkok - 192.168.2.8" id="Test Suites/Landing page">
      <properties>
         <property name="deviceName" value=""/>
         <property name="devicePlatform" value=""/>
         <property name="logFolder" value="/Users/musienkok/Katalon Studio/CityMap Project/Reports/Landing page/20180210_214422"/>
         <property name="logFiles" value="/Users/musienkok/Katalon Studio/CityMap Project/Reports/Landing page/20180210_214422/execution0.log"/>
         <property name="attachments" value=""/>
         <property name="hostName" value="musienkok - 192.168.2.8"/>
         <property name="os" value="Mac OS X 64bit"/>
         <property name="katalonVersion" value="5.2.0.1"/>
         <property name="browser" value="Chrome 63.0.3239.132"/>
         <property name="hostAddress" value="192.168.2.8"/>
         <property name="sessionId" value="10e3f57f5ceee4d1f612ced2a8a8e285"/>
         <property name="seleniumVersion" value="3.7.1"/>
         <property name="proxyInformation" value="ProxyInformation{proxyOption=NO_PROXY, proxyServerType=HTTP, password=, proxyServerAddress=, proxyServerPort=0}"/>
         <property name="platform" value="Mac OS X"/>
      </properties>
      <testcase name="Test Cases/Check Landing Page Title" classname="Test Cases/Check Landing Page Title" status="PASSED">
         <system-out><![CDATA[2018-02-10 21:44:24 - [TEST_CASE][PASSED] - Test Cases/Check Landing Page Title: Test Cases/Check Landing Page Title

2018-02-10 21:44:25 - [TEST_STEP][PASSED] - openBrowser: Browser is opened with url: ''

2018-02-10 21:44:27 - [MESSAGE][PASSED] - Browser is opened with url: ''

2018-02-10 21:44:27 - [TEST_STEP][PASSED] - navigateToUrl: Navigate to 'https://citymap.intetics.com/#/' successfully

2018-02-10 21:44:29 - [MESSAGE][PASSED] - Navigate to 'https://citymap.intetics.com/#/' successfully

2018-02-10 21:44:29 - [TEST_STEP][PASSED] - Statement - title = com.kms.katalon.core.webui.keyword.WebUiBuiltInKeywords.getWindowTitle(): Current window's title is: 'Willkommen, Java Hipster!'

2018-02-10 21:44:30 - [MESSAGE][PASSED] - Current window's title is: 'Willkommen, Java Hipster!'

2018-02-10 21:44:30 - [TEST_STEP][PASSED] - verifyMatch: Actual text 'Willkommen, Java Hipster!' and expected text 'Willkommen, Java Hipster!' are matched  using regular expression

2018-02-10 21:44:30 - [MESSAGE][PASSED] - Actual text 'Willkommen, Java Hipster!' and expected text 'Willkommen, Java Hipster!' are matched  using regular expression

2018-02-10 21:44:30 - [TEST_STEP][PASSED] - closeBrowser: Browser is closed

2018-02-10 21:44:30 - [MESSAGE][PASSED] - Browser is closed]]></system-out>
         <system-err><![CDATA[]]></system-err>
      </testcase>
      <testcase name="Test Cases/Verified That Elemets are Clikable" classname="Test Cases/Verified That Elemets are Clikable" status="PASSED">
         <system-out><![CDATA[2018-02-10 21:44:30 - [TEST_CASE][PASSED] - Test Cases/Verified That Elemets are Clikable: Test Cases/Verified That Elemets are Clikable

2018-02-10 21:44:30 - [TEST_STEP][PASSED] - openBrowser: Browser is opened with url: ''

2018-02-10 21:44:31 - [MESSAGE][PASSED] - Browser is opened with url: ''

2018-02-10 21:44:31 - [TEST_STEP][PASSED] - navigateToUrl: Navigate to 'https://citymap.intetics.com/#/' successfully

2018-02-10 21:44:33 - [MESSAGE][PASSED] - Navigate to 'https://citymap.intetics.com/#/' successfully

2018-02-10 21:44:33 - [TEST_STEP][PASSED] - verifyElementClickable: Object 'Object Repository/Landing Page Objects/Page_Wifi City Map/Tab Map' is clickable

2018-02-10 21:44:33 - [MESSAGE][PASSED] - Object 'Object Repository/Landing Page Objects/Page_Wifi City Map/Tab Map' is clickable

2018-02-10 21:44:33 - [TEST_STEP][PASSED] - verifyElementClickable: Object 'Object Repository/Landing Page Objects/Page_Wifi City Map/Tab My Access Points' is clickable

2018-02-10 21:44:33 - [MESSAGE][PASSED] - Object 'Object Repository/Landing Page Objects/Page_Wifi City Map/Tab My Access Points' is clickable

2018-02-10 21:44:33 - [TEST_STEP][PASSED] - verifyElementClickable: Object 'Object Repository/Landing Page Objects/Page_Wifi City Map/Button Sign In' is clickable

2018-02-10 21:44:34 - [MESSAGE][PASSED] - Object 'Object Repository/Landing Page Objects/Page_Wifi City Map/Button Sign In' is clickable

2018-02-10 21:44:34 - [TEST_STEP][PASSED] - closeBrowser: Browser is closed

2018-02-10 21:44:34 - [MESSAGE][PASSED] - Browser is closed]]></system-out>
         <system-err><![CDATA[]]></system-err>
      </testcase>
      <system-out><![CDATA[2018-02-10 21:44:24 - [TEST_SUITE][PASSED] - Landing page: Test Cases/Verified That Elemets are Clikable]]></system-out>
      <system-err><![CDATA[]]></system-err>
   </testsuite>
</testsuites>
