<?xml version="1.0" encoding="UTF-8"?>
<testsuites name="Landing page" time="43" tests="5" failures="0" errors="0">
   <testsuite name="Landing page" tests="5" failures="0" errors="0" time="43" timestamp="2018-02-25 17:07:48" hostname="musienkok - 192.168.2.4" id="Test Suites/Landing page">
      <properties>
         <property name="deviceName" value=""/>
         <property name="devicePlatform" value=""/>
         <property name="logFolder" value="/Users/musienkok/Katalon Studio/CityMap Project/Reports/Landing page/20180225_170745"/>
         <property name="logFiles" value="/Users/musienkok/Katalon Studio/CityMap Project/Reports/Landing page/20180225_170745/execution0.log"/>
         <property name="attachments" value=""/>
         <property name="hostName" value="musienkok - 192.168.2.4"/>
         <property name="os" value="Mac OS X 64bit"/>
         <property name="katalonVersion" value="5.2.0.1"/>
         <property name="browser" value="Chrome 64.0.3282.186"/>
         <property name="hostAddress" value="192.168.2.4"/>
         <property name="sessionId" value="e649b3a0ed9c88ce9c8e62e1dc22bcf1"/>
         <property name="seleniumVersion" value="3.7.1"/>
         <property name="proxyInformation" value="ProxyInformation{proxyOption=NO_PROXY, proxyServerType=HTTP, password=, proxyServerAddress=, proxyServerPort=0}"/>
         <property name="platform" value="Mac OS X"/>
      </properties>
      <testcase name="Test Cases/Check Landing Page Title" classname="Test Cases/Check Landing Page Title" status="PASSED">
         <system-out><![CDATA[2018-02-25 17:07:48 - [TEST_CASE][PASSED] - Test Cases/Check Landing Page Title: Test Cases/Check Landing Page Title

2018-02-25 17:07:49 - [TEST_STEP][PASSED] - openBrowser: Browser is opened with url: ''

2018-02-25 17:07:51 - [MESSAGE][PASSED] - Browser is opened with url: ''

2018-02-25 17:07:51 - [TEST_STEP][PASSED] - navigateToUrl: Navigate to 'https://citymap.intetics.com/#/' successfully

2018-02-25 17:07:54 - [MESSAGE][PASSED] - Navigate to 'https://citymap.intetics.com/#/' successfully

2018-02-25 17:07:54 - [TEST_STEP][PASSED] - Statement - title = com.kms.katalon.core.webui.keyword.WebUiBuiltInKeywords.getWindowTitle(): Current window's title is: 'Willkommen, Java Hipster!'

2018-02-25 17:07:54 - [MESSAGE][PASSED] - Current window's title is: 'Willkommen, Java Hipster!'

2018-02-25 17:07:54 - [TEST_STEP][PASSED] - verifyMatch: Actual text 'Willkommen, Java Hipster!' and expected text 'Willkommen, Java Hipster!' are matched  using regular expression

2018-02-25 17:07:54 - [MESSAGE][PASSED] - Actual text 'Willkommen, Java Hipster!' and expected text 'Willkommen, Java Hipster!' are matched  using regular expression

2018-02-25 17:07:54 - [TEST_STEP][PASSED] - closeBrowser: Browser is closed

2018-02-25 17:07:54 - [MESSAGE][PASSED] - Browser is closed]]></system-out>
         <system-err><![CDATA[]]></system-err>
      </testcase>
      <testcase name="Test Cases/Verified That Elemets are Clikable" classname="Test Cases/Verified That Elemets are Clikable" status="PASSED">
         <system-out><![CDATA[2018-02-25 17:07:54 - [TEST_CASE][PASSED] - Test Cases/Verified That Elemets are Clikable: Test Cases/Verified That Elemets are Clikable

2018-02-25 17:07:54 - [TEST_STEP][PASSED] - openBrowser: Browser is opened with url: ''

2018-02-25 17:07:55 - [MESSAGE][PASSED] - Browser is opened with url: ''

2018-02-25 17:07:55 - [TEST_STEP][PASSED] - navigateToUrl: Navigate to 'https://citymap.intetics.com/#/' successfully

2018-02-25 17:07:57 - [MESSAGE][PASSED] - Navigate to 'https://citymap.intetics.com/#/' successfully

2018-02-25 17:07:57 - [TEST_STEP][PASSED] - verifyElementClickable: Object 'Object Repository/Landing Page Objects/Landing Page/Tab Map' is clickable

2018-02-25 17:07:57 - [MESSAGE][PASSED] - Object 'Object Repository/Landing Page Objects/Landing Page/Tab Map' is clickable

2018-02-25 17:07:57 - [TEST_STEP][PASSED] - verifyElementClickable: Object 'Object Repository/Landing Page Objects/Landing Page/Tab My Access Points' is clickable

2018-02-25 17:07:58 - [MESSAGE][PASSED] - Object 'Object Repository/Landing Page Objects/Landing Page/Tab My Access Points' is clickable

2018-02-25 17:07:58 - [TEST_STEP][PASSED] - verifyElementClickable: Object 'Object Repository/Landing Page Objects/Landing Page/Button Sign In' is clickable

2018-02-25 17:07:58 - [MESSAGE][PASSED] - Object 'Object Repository/Landing Page Objects/Landing Page/Button Sign In' is clickable

2018-02-25 17:07:58 - [TEST_STEP][PASSED] - verifyElementClickable: Object 'Object Repository/Landing Page Objects/Landing Page/Switch language Button' is clickable

2018-02-25 17:07:58 - [MESSAGE][PASSED] - Object 'Object Repository/Landing Page Objects/Landing Page/Switch language Button' is clickable

2018-02-25 17:07:58 - [TEST_STEP][PASSED] - closeBrowser: Browser is closed

2018-02-25 17:07:58 - [MESSAGE][PASSED] - Browser is closed]]></system-out>
         <system-err><![CDATA[]]></system-err>
      </testcase>
      <testcase name="Test Cases/Check Sign In" classname="Test Cases/Check Sign In" status="PASSED">
         <system-out><![CDATA[2018-02-25 17:07:58 - [TEST_CASE][PASSED] - Test Cases/Check Sign In: Test Cases/Check Sign In

2018-02-25 17:07:58 - [TEST_STEP][PASSED] - openBrowser: Browser is opened with url: ''

2018-02-25 17:08:00 - [MESSAGE][PASSED] - Browser is opened with url: ''

2018-02-25 17:08:00 - [TEST_STEP][PASSED] - navigateToUrl: Navigate to 'http://citymap.intetics.com/#/' successfully

2018-02-25 17:08:03 - [MESSAGE][PASSED] - Navigate to 'http://citymap.intetics.com/#/' successfully

2018-02-25 17:08:03 - [TEST_STEP][PASSED] - click: Object: 'Object Repository/Landing Page Objects/Landing Page/Button Sign In' is clicked on

2018-02-25 17:08:03 - [MESSAGE][PASSED] - Object: 'Object Repository/Landing Page Objects/Landing Page/Button Sign In' is clicked on

2018-02-25 17:08:03 - [TEST_STEP][PASSED] - setText: Text 'kostya3189@gmail.com' is set on object 'Object Repository/Landing Page Objects/Sign In popup/Input Field Email Address'

2018-02-25 17:08:03 - [MESSAGE][PASSED] - Text 'kostya3189@gmail.com' is set on object 'Object Repository/Landing Page Objects/Sign In popup/Input Field Email Address'

2018-02-25 17:08:03 - [TEST_STEP][PASSED] - setText: Text '123123123Aa' is set on object 'Object Repository/Landing Page Objects/Sign In popup/Input Field Password'

2018-02-25 17:08:04 - [MESSAGE][PASSED] - Text '123123123Aa' is set on object 'Object Repository/Landing Page Objects/Sign In popup/Input Field Password'

2018-02-25 17:08:04 - [TEST_STEP][PASSED] - click: Object: 'Object Repository/Landing Page Objects/Sign In popup/Button Sign In' is clicked on

2018-02-25 17:08:04 - [MESSAGE][PASSED] - Object: 'Object Repository/Landing Page Objects/Sign In popup/Button Sign In' is clicked on

2018-02-25 17:08:04 - [TEST_STEP][PASSED] - verifyElementVisible: Object 'Object Repository/Landing Page Objects/Landing Page/Sign out ' is visible

2018-02-25 17:08:04 - [MESSAGE][PASSED] - Object 'Object Repository/Landing Page Objects/Landing Page/Sign out ' is visible

2018-02-25 17:08:04 - [TEST_STEP][PASSED] - click: Object: 'Object Repository/Landing Page Objects/Landing Page/Sign out ' is clicked on

2018-02-25 17:08:05 - [MESSAGE][PASSED] - Object: 'Object Repository/Landing Page Objects/Landing Page/Sign out ' is clicked on

2018-02-25 17:08:05 - [TEST_STEP][PASSED] - closeBrowser: Browser is closed

2018-02-25 17:08:05 - [MESSAGE][PASSED] - Browser is closed]]></system-out>
         <system-err><![CDATA[]]></system-err>
      </testcase>
      <testcase name="Test Cases/Check Map Page Title" classname="Test Cases/Check Map Page Title" status="PASSED">
         <system-out><![CDATA[2018-02-25 17:08:05 - [TEST_CASE][PASSED] - Test Cases/Check Map Page Title: Test Cases/Check Map Page Title

2018-02-25 17:08:05 - [TEST_STEP][PASSED] - openBrowser: Browser is opened with url: ''

2018-02-25 17:08:06 - [MESSAGE][PASSED] - Browser is opened with url: ''

2018-02-25 17:08:06 - [TEST_STEP][PASSED] - navigateToUrl: Navigate to 'http://citymap.intetics.com/#/' successfully

2018-02-25 17:08:08 - [MESSAGE][PASSED] - Navigate to 'http://citymap.intetics.com/#/' successfully

2018-02-25 17:08:08 - [TEST_STEP][PASSED] - click: Object: 'Object Repository/Landing Page Objects/Landing Page/Tab Map' is clicked on

2018-02-25 17:08:09 - [MESSAGE][PASSED] - Object: 'Object Repository/Landing Page Objects/Landing Page/Tab Map' is clicked on

2018-02-25 17:08:09 - [TEST_STEP][PASSED] - Statement - title = com.kms.katalon.core.webui.keyword.WebUiBuiltInKeywords.getWindowTitle(): Current window's title is: 'Stadt WiFi Karte: Karte'

2018-02-25 17:08:09 - [MESSAGE][PASSED] - Current window's title is: 'Stadt WiFi Karte: Karte'

2018-02-25 17:08:09 - [TEST_STEP][PASSED] - verifyMatch: Actual text 'Stadt WiFi Karte: Karte' and expected text 'Stadt WiFi Karte: Karte' are matched  using regular expression

2018-02-25 17:08:09 - [MESSAGE][PASSED] - Actual text 'Stadt WiFi Karte: Karte' and expected text 'Stadt WiFi Karte: Karte' are matched  using regular expression

2018-02-25 17:08:09 - [TEST_STEP][PASSED] - closeBrowser: Browser is closed

2018-02-25 17:08:09 - [MESSAGE][PASSED] - Browser is closed]]></system-out>
         <system-err><![CDATA[]]></system-err>
      </testcase>
      <testcase name="Test Cases/DDT Sign In" classname="Test Cases/DDT Sign In" status="PASSED">
         <system-out><![CDATA[2018-02-25 17:08:09 - [TEST_CASE][PASSED] - Test Cases/DDT Sign In: Test Cases/DDT Sign In

2018-02-25 17:08:09 - [TEST_STEP][PASSED] - openBrowser: Browser is opened with url: ''

2018-02-25 17:08:10 - [MESSAGE][PASSED] - Browser is opened with url: ''

2018-02-25 17:08:10 - [TEST_STEP][PASSED] - navigateToUrl: Navigate to 'https://citymap.intetics.com/#/' successfully

2018-02-25 17:08:12 - [MESSAGE][PASSED] - Navigate to 'https://citymap.intetics.com/#/' successfully

2018-02-25 17:08:12 - [TEST_STEP][PASSED] - click: Object: 'Object Repository/Landing Page Objects/Landing Page/Button Sign In' is clicked on

2018-02-25 17:08:12 - [MESSAGE][PASSED] - Object: 'Object Repository/Landing Page Objects/Landing Page/Button Sign In' is clicked on

2018-02-25 17:08:12 - [TEST_STEP][PASSED] - Statement - For ([row = 1, row <= com.kms.katalon.core.testdata.TestDataFactory.findTestData(Data Files/DataforDDTSignUP).getRowNumbers(), (row++)]): Object 'Object Repository/Landing Page Objects/Sign In popup/Button Sign In' is clickable

2018-02-25 17:08:13 - [TEST_STEP][PASSED] - setText: Text 'test@test.com' is set on object 'Object Repository/Landing Page Objects/Sign In popup/Input Field Email Address'

2018-02-25 17:08:14 - [MESSAGE][PASSED] - Text 'test@test.com' is set on object 'Object Repository/Landing Page Objects/Sign In popup/Input Field Email Address'

2018-02-25 17:08:14 - [TEST_STEP][PASSED] - setText: Text 'qwerty1' is set on object 'Object Repository/Landing Page Objects/Sign In popup/Input Field Password'

2018-02-25 17:08:14 - [MESSAGE][PASSED] - Text 'qwerty1' is set on object 'Object Repository/Landing Page Objects/Sign In popup/Input Field Password'

2018-02-25 17:08:14 - [TEST_STEP][PASSED] - verifyElementClickable: Object 'Object Repository/Landing Page Objects/Sign In popup/Button Sign In' is clickable

2018-02-25 17:08:14 - [MESSAGE][PASSED] - Object 'Object Repository/Landing Page Objects/Sign In popup/Button Sign In' is clickable

2018-02-25 17:08:14 - [TEST_STEP][PASSED] - setText: Text 'Test@test.com' is set on object 'Object Repository/Landing Page Objects/Sign In popup/Input Field Email Address'

2018-02-25 17:08:14 - [MESSAGE][PASSED] - Text 'Test@test.com' is set on object 'Object Repository/Landing Page Objects/Sign In popup/Input Field Email Address'

2018-02-25 17:08:14 - [TEST_STEP][PASSED] - setText: Text 'qwerty2' is set on object 'Object Repository/Landing Page Objects/Sign In popup/Input Field Password'

2018-02-25 17:08:15 - [MESSAGE][PASSED] - Text 'qwerty2' is set on object 'Object Repository/Landing Page Objects/Sign In popup/Input Field Password'

2018-02-25 17:08:15 - [TEST_STEP][PASSED] - verifyElementClickable: Object 'Object Repository/Landing Page Objects/Sign In popup/Button Sign In' is clickable

2018-02-25 17:08:15 - [MESSAGE][PASSED] - Object 'Object Repository/Landing Page Objects/Sign In popup/Button Sign In' is clickable

2018-02-25 17:08:15 - [TEST_STEP][PASSED] - setText: Text 'test99@test.com' is set on object 'Object Repository/Landing Page Objects/Sign In popup/Input Field Email Address'

2018-02-25 17:08:15 - [MESSAGE][PASSED] - Text 'test99@test.com' is set on object 'Object Repository/Landing Page Objects/Sign In popup/Input Field Email Address'

2018-02-25 17:08:15 - [TEST_STEP][PASSED] - setText: Text 'qwerty3' is set on object 'Object Repository/Landing Page Objects/Sign In popup/Input Field Password'

2018-02-25 17:08:15 - [MESSAGE][PASSED] - Text 'qwerty3' is set on object 'Object Repository/Landing Page Objects/Sign In popup/Input Field Password'

2018-02-25 17:08:15 - [TEST_STEP][PASSED] - verifyElementClickable: Object 'Object Repository/Landing Page Objects/Sign In popup/Button Sign In' is clickable

2018-02-25 17:08:15 - [MESSAGE][PASSED] - Object 'Object Repository/Landing Page Objects/Sign In popup/Button Sign In' is clickable

2018-02-25 17:08:15 - [TEST_STEP][PASSED] - setText: Text 'TeSt99@test.com' is set on object 'Object Repository/Landing Page Objects/Sign In popup/Input Field Email Address'

2018-02-25 17:08:15 - [MESSAGE][PASSED] - Text 'TeSt99@test.com' is set on object 'Object Repository/Landing Page Objects/Sign In popup/Input Field Email Address'

2018-02-25 17:08:15 - [TEST_STEP][PASSED] - setText: Text 'qwerty4' is set on object 'Object Repository/Landing Page Objects/Sign In popup/Input Field Password'

2018-02-25 17:08:16 - [MESSAGE][PASSED] - Text 'qwerty4' is set on object 'Object Repository/Landing Page Objects/Sign In popup/Input Field Password'

2018-02-25 17:08:16 - [TEST_STEP][PASSED] - verifyElementClickable: Object 'Object Repository/Landing Page Objects/Sign In popup/Button Sign In' is clickable

2018-02-25 17:08:16 - [MESSAGE][PASSED] - Object 'Object Repository/Landing Page Objects/Sign In popup/Button Sign In' is clickable

2018-02-25 17:08:16 - [TEST_STEP][PASSED] - setText: Text 't@test.com' is set on object 'Object Repository/Landing Page Objects/Sign In popup/Input Field Email Address'

2018-02-25 17:08:16 - [MESSAGE][PASSED] - Text 't@test.com' is set on object 'Object Repository/Landing Page Objects/Sign In popup/Input Field Email Address'

2018-02-25 17:08:16 - [TEST_STEP][PASSED] - setText: Text 'qwerty5' is set on object 'Object Repository/Landing Page Objects/Sign In popup/Input Field Password'

2018-02-25 17:08:16 - [MESSAGE][PASSED] - Text 'qwerty5' is set on object 'Object Repository/Landing Page Objects/Sign In popup/Input Field Password'

2018-02-25 17:08:16 - [TEST_STEP][PASSED] - verifyElementClickable: Object 'Object Repository/Landing Page Objects/Sign In popup/Button Sign In' is clickable

2018-02-25 17:08:16 - [MESSAGE][PASSED] - Object 'Object Repository/Landing Page Objects/Sign In popup/Button Sign In' is clickable

2018-02-25 17:08:16 - [TEST_STEP][PASSED] - setText: Text 'Test!@test.com' is set on object 'Object Repository/Landing Page Objects/Sign In popup/Input Field Email Address'

2018-02-25 17:08:16 - [MESSAGE][PASSED] - Text 'Test!@test.com' is set on object 'Object Repository/Landing Page Objects/Sign In popup/Input Field Email Address'

2018-02-25 17:08:16 - [TEST_STEP][PASSED] - setText: Text 'qwerty6' is set on object 'Object Repository/Landing Page Objects/Sign In popup/Input Field Password'

2018-02-25 17:08:16 - [MESSAGE][PASSED] - Text 'qwerty6' is set on object 'Object Repository/Landing Page Objects/Sign In popup/Input Field Password'

2018-02-25 17:08:16 - [TEST_STEP][PASSED] - verifyElementClickable: Object 'Object Repository/Landing Page Objects/Sign In popup/Button Sign In' is clickable

2018-02-25 17:08:17 - [MESSAGE][PASSED] - Object 'Object Repository/Landing Page Objects/Sign In popup/Button Sign In' is clickable

2018-02-25 17:08:17 - [TEST_STEP][PASSED] - setText: Text 'test!@test.com' is set on object 'Object Repository/Landing Page Objects/Sign In popup/Input Field Email Address'

2018-02-25 17:08:17 - [MESSAGE][PASSED] - Text 'test!@test.com' is set on object 'Object Repository/Landing Page Objects/Sign In popup/Input Field Email Address'

2018-02-25 17:08:17 - [TEST_STEP][PASSED] - setText: Text 'qwerty7' is set on object 'Object Repository/Landing Page Objects/Sign In popup/Input Field Password'

2018-02-25 17:08:17 - [MESSAGE][PASSED] - Text 'qwerty7' is set on object 'Object Repository/Landing Page Objects/Sign In popup/Input Field Password'

2018-02-25 17:08:17 - [TEST_STEP][PASSED] - verifyElementClickable: Object 'Object Repository/Landing Page Objects/Sign In popup/Button Sign In' is clickable

2018-02-25 17:08:17 - [MESSAGE][PASSED] - Object 'Object Repository/Landing Page Objects/Sign In popup/Button Sign In' is clickable

2018-02-25 17:08:17 - [TEST_STEP][PASSED] - setText: Text 'Test#@test.com' is set on object 'Object Repository/Landing Page Objects/Sign In popup/Input Field Email Address'

2018-02-25 17:08:17 - [MESSAGE][PASSED] - Text 'Test#@test.com' is set on object 'Object Repository/Landing Page Objects/Sign In popup/Input Field Email Address'

2018-02-25 17:08:17 - [TEST_STEP][PASSED] - setText: Text 'qwerty8' is set on object 'Object Repository/Landing Page Objects/Sign In popup/Input Field Password'

2018-02-25 17:08:17 - [MESSAGE][PASSED] - Text 'qwerty8' is set on object 'Object Repository/Landing Page Objects/Sign In popup/Input Field Password'

2018-02-25 17:08:17 - [TEST_STEP][PASSED] - verifyElementClickable: Object 'Object Repository/Landing Page Objects/Sign In popup/Button Sign In' is clickable

2018-02-25 17:08:17 - [MESSAGE][PASSED] - Object 'Object Repository/Landing Page Objects/Sign In popup/Button Sign In' is clickable

2018-02-25 17:08:18 - [TEST_STEP][PASSED] - setText: Text 'test99#@test.com' is set on object 'Object Repository/Landing Page Objects/Sign In popup/Input Field Email Address'

2018-02-25 17:08:18 - [MESSAGE][PASSED] - Text 'test99#@test.com' is set on object 'Object Repository/Landing Page Objects/Sign In popup/Input Field Email Address'

2018-02-25 17:08:18 - [TEST_STEP][PASSED] - setText: Text 'qwerty9' is set on object 'Object Repository/Landing Page Objects/Sign In popup/Input Field Password'

2018-02-25 17:08:18 - [MESSAGE][PASSED] - Text 'qwerty9' is set on object 'Object Repository/Landing Page Objects/Sign In popup/Input Field Password'

2018-02-25 17:08:18 - [TEST_STEP][PASSED] - verifyElementClickable: Object 'Object Repository/Landing Page Objects/Sign In popup/Button Sign In' is clickable

2018-02-25 17:08:18 - [MESSAGE][PASSED] - Object 'Object Repository/Landing Page Objects/Sign In popup/Button Sign In' is clickable

2018-02-25 17:08:18 - [TEST_STEP][PASSED] - setText: Text 'Test99!@test.com' is set on object 'Object Repository/Landing Page Objects/Sign In popup/Input Field Email Address'

2018-02-25 17:08:18 - [MESSAGE][PASSED] - Text 'Test99!@test.com' is set on object 'Object Repository/Landing Page Objects/Sign In popup/Input Field Email Address'

2018-02-25 17:08:18 - [TEST_STEP][PASSED] - setText: Text 'qwerty10' is set on object 'Object Repository/Landing Page Objects/Sign In popup/Input Field Password'

2018-02-25 17:08:18 - [MESSAGE][PASSED] - Text 'qwerty10' is set on object 'Object Repository/Landing Page Objects/Sign In popup/Input Field Password'

2018-02-25 17:08:18 - [TEST_STEP][PASSED] - verifyElementClickable: Object 'Object Repository/Landing Page Objects/Sign In popup/Button Sign In' is clickable

2018-02-25 17:08:19 - [MESSAGE][PASSED] - Object 'Object Repository/Landing Page Objects/Sign In popup/Button Sign In' is clickable

2018-02-25 17:08:19 - [TEST_STEP][PASSED] - setText: Text 'test$@test.com' is set on object 'Object Repository/Landing Page Objects/Sign In popup/Input Field Email Address'

2018-02-25 17:08:19 - [MESSAGE][PASSED] - Text 'test$@test.com' is set on object 'Object Repository/Landing Page Objects/Sign In popup/Input Field Email Address'

2018-02-25 17:08:19 - [TEST_STEP][PASSED] - setText: Text 'qwerty11' is set on object 'Object Repository/Landing Page Objects/Sign In popup/Input Field Password'

2018-02-25 17:08:19 - [MESSAGE][PASSED] - Text 'qwerty11' is set on object 'Object Repository/Landing Page Objects/Sign In popup/Input Field Password'

2018-02-25 17:08:19 - [TEST_STEP][PASSED] - verifyElementClickable: Object 'Object Repository/Landing Page Objects/Sign In popup/Button Sign In' is clickable

2018-02-25 17:08:19 - [MESSAGE][PASSED] - Object 'Object Repository/Landing Page Objects/Sign In popup/Button Sign In' is clickable

2018-02-25 17:08:19 - [TEST_STEP][PASSED] - setText: Text 'test%@test.com' is set on object 'Object Repository/Landing Page Objects/Sign In popup/Input Field Email Address'

2018-02-25 17:08:19 - [MESSAGE][PASSED] - Text 'test%@test.com' is set on object 'Object Repository/Landing Page Objects/Sign In popup/Input Field Email Address'

2018-02-25 17:08:19 - [TEST_STEP][PASSED] - setText: Text 'qwerty12' is set on object 'Object Repository/Landing Page Objects/Sign In popup/Input Field Password'

2018-02-25 17:08:19 - [MESSAGE][PASSED] - Text 'qwerty12' is set on object 'Object Repository/Landing Page Objects/Sign In popup/Input Field Password'

2018-02-25 17:08:19 - [TEST_STEP][PASSED] - verifyElementClickable: Object 'Object Repository/Landing Page Objects/Sign In popup/Button Sign In' is clickable

2018-02-25 17:08:20 - [MESSAGE][PASSED] - Object 'Object Repository/Landing Page Objects/Sign In popup/Button Sign In' is clickable

2018-02-25 17:08:20 - [TEST_STEP][PASSED] - setText: Text 'test&@test.com' is set on object 'Object Repository/Landing Page Objects/Sign In popup/Input Field Email Address'

2018-02-25 17:08:20 - [MESSAGE][PASSED] - Text 'test&@test.com' is set on object 'Object Repository/Landing Page Objects/Sign In popup/Input Field Email Address'

2018-02-25 17:08:20 - [TEST_STEP][PASSED] - setText: Text 'qwerty13' is set on object 'Object Repository/Landing Page Objects/Sign In popup/Input Field Password'

2018-02-25 17:08:20 - [MESSAGE][PASSED] - Text 'qwerty13' is set on object 'Object Repository/Landing Page Objects/Sign In popup/Input Field Password'

2018-02-25 17:08:20 - [TEST_STEP][PASSED] - verifyElementClickable: Object 'Object Repository/Landing Page Objects/Sign In popup/Button Sign In' is clickable

2018-02-25 17:08:20 - [MESSAGE][PASSED] - Object 'Object Repository/Landing Page Objects/Sign In popup/Button Sign In' is clickable

2018-02-25 17:08:20 - [TEST_STEP][PASSED] - setText: Text 'Test’t@test.com' is set on object 'Object Repository/Landing Page Objects/Sign In popup/Input Field Email Address'

2018-02-25 17:08:20 - [MESSAGE][PASSED] - Text 'Test’t@test.com' is set on object 'Object Repository/Landing Page Objects/Sign In popup/Input Field Email Address'

2018-02-25 17:08:20 - [TEST_STEP][PASSED] - setText: Text 'qwerty14' is set on object 'Object Repository/Landing Page Objects/Sign In popup/Input Field Password'

2018-02-25 17:08:20 - [MESSAGE][PASSED] - Text 'qwerty14' is set on object 'Object Repository/Landing Page Objects/Sign In popup/Input Field Password'

2018-02-25 17:08:20 - [TEST_STEP][PASSED] - verifyElementClickable: Object 'Object Repository/Landing Page Objects/Sign In popup/Button Sign In' is clickable

2018-02-25 17:08:20 - [MESSAGE][PASSED] - Object 'Object Repository/Landing Page Objects/Sign In popup/Button Sign In' is clickable

2018-02-25 17:08:20 - [TEST_STEP][PASSED] - setText: Text 'test*test@test.com' is set on object 'Object Repository/Landing Page Objects/Sign In popup/Input Field Email Address'

2018-02-25 17:08:21 - [MESSAGE][PASSED] - Text 'test*test@test.com' is set on object 'Object Repository/Landing Page Objects/Sign In popup/Input Field Email Address'

2018-02-25 17:08:21 - [TEST_STEP][PASSED] - setText: Text 'qwerty15' is set on object 'Object Repository/Landing Page Objects/Sign In popup/Input Field Password'

2018-02-25 17:08:21 - [MESSAGE][PASSED] - Text 'qwerty15' is set on object 'Object Repository/Landing Page Objects/Sign In popup/Input Field Password'

2018-02-25 17:08:21 - [TEST_STEP][PASSED] - verifyElementClickable: Object 'Object Repository/Landing Page Objects/Sign In popup/Button Sign In' is clickable

2018-02-25 17:08:21 - [MESSAGE][PASSED] - Object 'Object Repository/Landing Page Objects/Sign In popup/Button Sign In' is clickable

2018-02-25 17:08:21 - [TEST_STEP][PASSED] - setText: Text 'test+1@test.com' is set on object 'Object Repository/Landing Page Objects/Sign In popup/Input Field Email Address'

2018-02-25 17:08:21 - [MESSAGE][PASSED] - Text 'test+1@test.com' is set on object 'Object Repository/Landing Page Objects/Sign In popup/Input Field Email Address'

2018-02-25 17:08:21 - [TEST_STEP][PASSED] - setText: Text 'qwerty16' is set on object 'Object Repository/Landing Page Objects/Sign In popup/Input Field Password'

2018-02-25 17:08:21 - [MESSAGE][PASSED] - Text 'qwerty16' is set on object 'Object Repository/Landing Page Objects/Sign In popup/Input Field Password'

2018-02-25 17:08:21 - [TEST_STEP][PASSED] - verifyElementClickable: Object 'Object Repository/Landing Page Objects/Sign In popup/Button Sign In' is clickable

2018-02-25 17:08:21 - [MESSAGE][PASSED] - Object 'Object Repository/Landing Page Objects/Sign In popup/Button Sign In' is clickable

2018-02-25 17:08:21 - [TEST_STEP][PASSED] - setText: Text 'test+a@test.com' is set on object 'Object Repository/Landing Page Objects/Sign In popup/Input Field Email Address'

2018-02-25 17:08:22 - [MESSAGE][PASSED] - Text 'test+a@test.com' is set on object 'Object Repository/Landing Page Objects/Sign In popup/Input Field Email Address'

2018-02-25 17:08:22 - [TEST_STEP][PASSED] - setText: Text 'qwerty17' is set on object 'Object Repository/Landing Page Objects/Sign In popup/Input Field Password'

2018-02-25 17:08:22 - [MESSAGE][PASSED] - Text 'qwerty17' is set on object 'Object Repository/Landing Page Objects/Sign In popup/Input Field Password'

2018-02-25 17:08:22 - [TEST_STEP][PASSED] - verifyElementClickable: Object 'Object Repository/Landing Page Objects/Sign In popup/Button Sign In' is clickable

2018-02-25 17:08:22 - [MESSAGE][PASSED] - Object 'Object Repository/Landing Page Objects/Sign In popup/Button Sign In' is clickable

2018-02-25 17:08:22 - [TEST_STEP][PASSED] - setText: Text 'Test-1@test.com' is set on object 'Object Repository/Landing Page Objects/Sign In popup/Input Field Email Address'

2018-02-25 17:08:22 - [MESSAGE][PASSED] - Text 'Test-1@test.com' is set on object 'Object Repository/Landing Page Objects/Sign In popup/Input Field Email Address'

2018-02-25 17:08:22 - [TEST_STEP][PASSED] - setText: Text 'qwerty18' is set on object 'Object Repository/Landing Page Objects/Sign In popup/Input Field Password'

2018-02-25 17:08:22 - [MESSAGE][PASSED] - Text 'qwerty18' is set on object 'Object Repository/Landing Page Objects/Sign In popup/Input Field Password'

2018-02-25 17:08:22 - [TEST_STEP][PASSED] - verifyElementClickable: Object 'Object Repository/Landing Page Objects/Sign In popup/Button Sign In' is clickable

2018-02-25 17:08:22 - [MESSAGE][PASSED] - Object 'Object Repository/Landing Page Objects/Sign In popup/Button Sign In' is clickable

2018-02-25 17:08:22 - [TEST_STEP][PASSED] - setText: Text 'Test.test-test-test@test.com' is set on object 'Object Repository/Landing Page Objects/Sign In popup/Input Field Email Address'

2018-02-25 17:08:23 - [MESSAGE][PASSED] - Text 'Test.test-test-test@test.com' is set on object 'Object Repository/Landing Page Objects/Sign In popup/Input Field Email Address'

2018-02-25 17:08:23 - [TEST_STEP][PASSED] - setText: Text 'qwerty19' is set on object 'Object Repository/Landing Page Objects/Sign In popup/Input Field Password'

2018-02-25 17:08:23 - [MESSAGE][PASSED] - Text 'qwerty19' is set on object 'Object Repository/Landing Page Objects/Sign In popup/Input Field Password'

2018-02-25 17:08:23 - [TEST_STEP][PASSED] - verifyElementClickable: Object 'Object Repository/Landing Page Objects/Sign In popup/Button Sign In' is clickable

2018-02-25 17:08:23 - [MESSAGE][PASSED] - Object 'Object Repository/Landing Page Objects/Sign In popup/Button Sign In' is clickable

2018-02-25 17:08:23 - [TEST_STEP][PASSED] - setText: Text 'Test/test@test.com' is set on object 'Object Repository/Landing Page Objects/Sign In popup/Input Field Email Address'

2018-02-25 17:08:23 - [MESSAGE][PASSED] - Text 'Test/test@test.com' is set on object 'Object Repository/Landing Page Objects/Sign In popup/Input Field Email Address'

2018-02-25 17:08:23 - [TEST_STEP][PASSED] - setText: Text 'qwerty20' is set on object 'Object Repository/Landing Page Objects/Sign In popup/Input Field Password'

2018-02-25 17:08:23 - [MESSAGE][PASSED] - Text 'qwerty20' is set on object 'Object Repository/Landing Page Objects/Sign In popup/Input Field Password'

2018-02-25 17:08:23 - [TEST_STEP][PASSED] - verifyElementClickable: Object 'Object Repository/Landing Page Objects/Sign In popup/Button Sign In' is clickable

2018-02-25 17:08:23 - [MESSAGE][PASSED] - Object 'Object Repository/Landing Page Objects/Sign In popup/Button Sign In' is clickable

2018-02-25 17:08:23 - [TEST_STEP][PASSED] - setText: Text 'Test=test@test.com' is set on object 'Object Repository/Landing Page Objects/Sign In popup/Input Field Email Address'

2018-02-25 17:08:23 - [MESSAGE][PASSED] - Text 'Test=test@test.com' is set on object 'Object Repository/Landing Page Objects/Sign In popup/Input Field Email Address'

2018-02-25 17:08:23 - [TEST_STEP][PASSED] - setText: Text 'qwerty21' is set on object 'Object Repository/Landing Page Objects/Sign In popup/Input Field Password'

2018-02-25 17:08:24 - [MESSAGE][PASSED] - Text 'qwerty21' is set on object 'Object Repository/Landing Page Objects/Sign In popup/Input Field Password'

2018-02-25 17:08:24 - [TEST_STEP][PASSED] - verifyElementClickable: Object 'Object Repository/Landing Page Objects/Sign In popup/Button Sign In' is clickable

2018-02-25 17:08:24 - [MESSAGE][PASSED] - Object 'Object Repository/Landing Page Objects/Sign In popup/Button Sign In' is clickable

2018-02-25 17:08:24 - [TEST_STEP][PASSED] - setText: Text 'Test?t@test.com' is set on object 'Object Repository/Landing Page Objects/Sign In popup/Input Field Email Address'

2018-02-25 17:08:24 - [MESSAGE][PASSED] - Text 'Test?t@test.com' is set on object 'Object Repository/Landing Page Objects/Sign In popup/Input Field Email Address'

2018-02-25 17:08:24 - [TEST_STEP][PASSED] - setText: Text 'qwerty22' is set on object 'Object Repository/Landing Page Objects/Sign In popup/Input Field Password'

2018-02-25 17:08:24 - [MESSAGE][PASSED] - Text 'qwerty22' is set on object 'Object Repository/Landing Page Objects/Sign In popup/Input Field Password'

2018-02-25 17:08:24 - [TEST_STEP][PASSED] - verifyElementClickable: Object 'Object Repository/Landing Page Objects/Sign In popup/Button Sign In' is clickable

2018-02-25 17:08:24 - [MESSAGE][PASSED] - Object 'Object Repository/Landing Page Objects/Sign In popup/Button Sign In' is clickable

2018-02-25 17:08:24 - [TEST_STEP][PASSED] - setText: Text 'test^@test.com' is set on object 'Object Repository/Landing Page Objects/Sign In popup/Input Field Email Address'

2018-02-25 17:08:24 - [MESSAGE][PASSED] - Text 'test^@test.com' is set on object 'Object Repository/Landing Page Objects/Sign In popup/Input Field Email Address'

2018-02-25 17:08:24 - [TEST_STEP][PASSED] - setText: Text 'qwerty23' is set on object 'Object Repository/Landing Page Objects/Sign In popup/Input Field Password'

2018-02-25 17:08:25 - [MESSAGE][PASSED] - Text 'qwerty23' is set on object 'Object Repository/Landing Page Objects/Sign In popup/Input Field Password'

2018-02-25 17:08:25 - [TEST_STEP][PASSED] - verifyElementClickable: Object 'Object Repository/Landing Page Objects/Sign In popup/Button Sign In' is clickable

2018-02-25 17:08:25 - [MESSAGE][PASSED] - Object 'Object Repository/Landing Page Objects/Sign In popup/Button Sign In' is clickable

2018-02-25 17:08:25 - [TEST_STEP][PASSED] - setText: Text 'test_@test.com' is set on object 'Object Repository/Landing Page Objects/Sign In popup/Input Field Email Address'

2018-02-25 17:08:25 - [MESSAGE][PASSED] - Text 'test_@test.com' is set on object 'Object Repository/Landing Page Objects/Sign In popup/Input Field Email Address'

2018-02-25 17:08:25 - [TEST_STEP][PASSED] - setText: Text 'qwerty24' is set on object 'Object Repository/Landing Page Objects/Sign In popup/Input Field Password'

2018-02-25 17:08:25 - [MESSAGE][PASSED] - Text 'qwerty24' is set on object 'Object Repository/Landing Page Objects/Sign In popup/Input Field Password'

2018-02-25 17:08:25 - [TEST_STEP][PASSED] - verifyElementClickable: Object 'Object Repository/Landing Page Objects/Sign In popup/Button Sign In' is clickable

2018-02-25 17:08:25 - [MESSAGE][PASSED] - Object 'Object Repository/Landing Page Objects/Sign In popup/Button Sign In' is clickable

2018-02-25 17:08:25 - [TEST_STEP][PASSED] - setText: Text 'Test{q@test.com' is set on object 'Object Repository/Landing Page Objects/Sign In popup/Input Field Email Address'

2018-02-25 17:08:25 - [MESSAGE][PASSED] - Text 'Test{q@test.com' is set on object 'Object Repository/Landing Page Objects/Sign In popup/Input Field Email Address'

2018-02-25 17:08:25 - [TEST_STEP][PASSED] - setText: Text 'qwerty25' is set on object 'Object Repository/Landing Page Objects/Sign In popup/Input Field Password'

2018-02-25 17:08:26 - [MESSAGE][PASSED] - Text 'qwerty25' is set on object 'Object Repository/Landing Page Objects/Sign In popup/Input Field Password'

2018-02-25 17:08:26 - [TEST_STEP][PASSED] - verifyElementClickable: Object 'Object Repository/Landing Page Objects/Sign In popup/Button Sign In' is clickable

2018-02-25 17:08:26 - [MESSAGE][PASSED] - Object 'Object Repository/Landing Page Objects/Sign In popup/Button Sign In' is clickable

2018-02-25 17:08:26 - [TEST_STEP][PASSED] - setText: Text 'Test|test@test.com' is set on object 'Object Repository/Landing Page Objects/Sign In popup/Input Field Email Address'

2018-02-25 17:08:26 - [MESSAGE][PASSED] - Text 'Test|test@test.com' is set on object 'Object Repository/Landing Page Objects/Sign In popup/Input Field Email Address'

2018-02-25 17:08:26 - [TEST_STEP][PASSED] - setText: Text 'qwerty26' is set on object 'Object Repository/Landing Page Objects/Sign In popup/Input Field Password'

2018-02-25 17:08:26 - [MESSAGE][PASSED] - Text 'qwerty26' is set on object 'Object Repository/Landing Page Objects/Sign In popup/Input Field Password'

2018-02-25 17:08:26 - [TEST_STEP][PASSED] - verifyElementClickable: Object 'Object Repository/Landing Page Objects/Sign In popup/Button Sign In' is clickable

2018-02-25 17:08:26 - [MESSAGE][PASSED] - Object 'Object Repository/Landing Page Objects/Sign In popup/Button Sign In' is clickable

2018-02-25 17:08:26 - [TEST_STEP][PASSED] - setText: Text 'Test}test@test.com' is set on object 'Object Repository/Landing Page Objects/Sign In popup/Input Field Email Address'

2018-02-25 17:08:27 - [MESSAGE][PASSED] - Text 'Test}test@test.com' is set on object 'Object Repository/Landing Page Objects/Sign In popup/Input Field Email Address'

2018-02-25 17:08:27 - [TEST_STEP][PASSED] - setText: Text 'qwerty27' is set on object 'Object Repository/Landing Page Objects/Sign In popup/Input Field Password'

2018-02-25 17:08:27 - [MESSAGE][PASSED] - Text 'qwerty27' is set on object 'Object Repository/Landing Page Objects/Sign In popup/Input Field Password'

2018-02-25 17:08:27 - [TEST_STEP][PASSED] - verifyElementClickable: Object 'Object Repository/Landing Page Objects/Sign In popup/Button Sign In' is clickable

2018-02-25 17:08:27 - [MESSAGE][PASSED] - Object 'Object Repository/Landing Page Objects/Sign In popup/Button Sign In' is clickable

2018-02-25 17:08:27 - [TEST_STEP][PASSED] - setText: Text 'Test{test}@test.com' is set on object 'Object Repository/Landing Page Objects/Sign In popup/Input Field Email Address'

2018-02-25 17:08:27 - [MESSAGE][PASSED] - Text 'Test{test}@test.com' is set on object 'Object Repository/Landing Page Objects/Sign In popup/Input Field Email Address'

2018-02-25 17:08:27 - [TEST_STEP][PASSED] - setText: Text 'qwerty28' is set on object 'Object Repository/Landing Page Objects/Sign In popup/Input Field Password'

2018-02-25 17:08:27 - [MESSAGE][PASSED] - Text 'qwerty28' is set on object 'Object Repository/Landing Page Objects/Sign In popup/Input Field Password'

2018-02-25 17:08:27 - [TEST_STEP][PASSED] - verifyElementClickable: Object 'Object Repository/Landing Page Objects/Sign In popup/Button Sign In' is clickable

2018-02-25 17:08:27 - [MESSAGE][PASSED] - Object 'Object Repository/Landing Page Objects/Sign In popup/Button Sign In' is clickable

2018-02-25 17:08:27 - [TEST_STEP][PASSED] - setText: Text 'Test~test@test.com' is set on object 'Object Repository/Landing Page Objects/Sign In popup/Input Field Email Address'

2018-02-25 17:08:27 - [MESSAGE][PASSED] - Text 'Test~test@test.com' is set on object 'Object Repository/Landing Page Objects/Sign In popup/Input Field Email Address'

2018-02-25 17:08:27 - [TEST_STEP][PASSED] - setText: Text 'qwerty29' is set on object 'Object Repository/Landing Page Objects/Sign In popup/Input Field Password'

2018-02-25 17:08:27 - [MESSAGE][PASSED] - Text 'qwerty29' is set on object 'Object Repository/Landing Page Objects/Sign In popup/Input Field Password'

2018-02-25 17:08:27 - [TEST_STEP][PASSED] - verifyElementClickable: Object 'Object Repository/Landing Page Objects/Sign In popup/Button Sign In' is clickable

2018-02-25 17:08:27 - [MESSAGE][PASSED] - Object 'Object Repository/Landing Page Objects/Sign In popup/Button Sign In' is clickable

2018-02-25 17:08:27 - [TEST_STEP][PASSED] - setText: Text 'Test.test@test.com' is set on object 'Object Repository/Landing Page Objects/Sign In popup/Input Field Email Address'

2018-02-25 17:08:28 - [MESSAGE][PASSED] - Text 'Test.test@test.com' is set on object 'Object Repository/Landing Page Objects/Sign In popup/Input Field Email Address'

2018-02-25 17:08:28 - [TEST_STEP][PASSED] - setText: Text 'qwerty30' is set on object 'Object Repository/Landing Page Objects/Sign In popup/Input Field Password'

2018-02-25 17:08:28 - [MESSAGE][PASSED] - Text 'qwerty30' is set on object 'Object Repository/Landing Page Objects/Sign In popup/Input Field Password'

2018-02-25 17:08:28 - [TEST_STEP][PASSED] - verifyElementClickable: Object 'Object Repository/Landing Page Objects/Sign In popup/Button Sign In' is clickable

2018-02-25 17:08:28 - [MESSAGE][PASSED] - Object 'Object Repository/Landing Page Objects/Sign In popup/Button Sign In' is clickable

2018-02-25 17:08:28 - [TEST_STEP][PASSED] - setText: Text 'test.Test.test@test.com' is set on object 'Object Repository/Landing Page Objects/Sign In popup/Input Field Email Address'

2018-02-25 17:08:28 - [MESSAGE][PASSED] - Text 'test.Test.test@test.com' is set on object 'Object Repository/Landing Page Objects/Sign In popup/Input Field Email Address'

2018-02-25 17:08:28 - [TEST_STEP][PASSED] - setText: Text 'qwerty31' is set on object 'Object Repository/Landing Page Objects/Sign In popup/Input Field Password'

2018-02-25 17:08:28 - [MESSAGE][PASSED] - Text 'qwerty31' is set on object 'Object Repository/Landing Page Objects/Sign In popup/Input Field Password'

2018-02-25 17:08:28 - [TEST_STEP][PASSED] - verifyElementClickable: Object 'Object Repository/Landing Page Objects/Sign In popup/Button Sign In' is clickable

2018-02-25 17:08:28 - [MESSAGE][PASSED] - Object 'Object Repository/Landing Page Objects/Sign In popup/Button Sign In' is clickable

2018-02-25 17:08:28 - [TEST_STEP][PASSED] - setText: Text 'test@test99.com' is set on object 'Object Repository/Landing Page Objects/Sign In popup/Input Field Email Address'

2018-02-25 17:08:29 - [MESSAGE][PASSED] - Text 'test@test99.com' is set on object 'Object Repository/Landing Page Objects/Sign In popup/Input Field Email Address'

2018-02-25 17:08:29 - [TEST_STEP][PASSED] - setText: Text 'qwerty32' is set on object 'Object Repository/Landing Page Objects/Sign In popup/Input Field Password'

2018-02-25 17:08:29 - [MESSAGE][PASSED] - Text 'qwerty32' is set on object 'Object Repository/Landing Page Objects/Sign In popup/Input Field Password'

2018-02-25 17:08:29 - [TEST_STEP][PASSED] - verifyElementClickable: Object 'Object Repository/Landing Page Objects/Sign In popup/Button Sign In' is clickable

2018-02-25 17:08:29 - [MESSAGE][PASSED] - Object 'Object Repository/Landing Page Objects/Sign In popup/Button Sign In' is clickable

2018-02-25 17:08:29 - [TEST_STEP][PASSED] - setText: Text 'test@test-test.com' is set on object 'Object Repository/Landing Page Objects/Sign In popup/Input Field Email Address'

2018-02-25 17:08:29 - [MESSAGE][PASSED] - Text 'test@test-test.com' is set on object 'Object Repository/Landing Page Objects/Sign In popup/Input Field Email Address'

2018-02-25 17:08:29 - [TEST_STEP][PASSED] - setText: Text 'qwerty33' is set on object 'Object Repository/Landing Page Objects/Sign In popup/Input Field Password'

2018-02-25 17:08:29 - [MESSAGE][PASSED] - Text 'qwerty33' is set on object 'Object Repository/Landing Page Objects/Sign In popup/Input Field Password'

2018-02-25 17:08:29 - [TEST_STEP][PASSED] - verifyElementClickable: Object 'Object Repository/Landing Page Objects/Sign In popup/Button Sign In' is clickable

2018-02-25 17:08:29 - [MESSAGE][PASSED] - Object 'Object Repository/Landing Page Objects/Sign In popup/Button Sign In' is clickable

2018-02-25 17:08:29 - [TEST_STEP][PASSED] - setText: Text 'test@test.test.com' is set on object 'Object Repository/Landing Page Objects/Sign In popup/Input Field Email Address'

2018-02-25 17:08:29 - [MESSAGE][PASSED] - Text 'test@test.test.com' is set on object 'Object Repository/Landing Page Objects/Sign In popup/Input Field Email Address'

2018-02-25 17:08:29 - [TEST_STEP][PASSED] - setText: Text 'qwerty34' is set on object 'Object Repository/Landing Page Objects/Sign In popup/Input Field Password'

2018-02-25 17:08:30 - [MESSAGE][PASSED] - Text 'qwerty34' is set on object 'Object Repository/Landing Page Objects/Sign In popup/Input Field Password'

2018-02-25 17:08:30 - [TEST_STEP][PASSED] - verifyElementClickable: Object 'Object Repository/Landing Page Objects/Sign In popup/Button Sign In' is clickable

2018-02-25 17:08:30 - [MESSAGE][PASSED] - Object 'Object Repository/Landing Page Objects/Sign In popup/Button Sign In' is clickable

2018-02-25 17:08:30 - [TEST_STEP][PASSED] - setText: Text 'test@test.test-test.com' is set on object 'Object Repository/Landing Page Objects/Sign In popup/Input Field Email Address'

2018-02-25 17:08:30 - [MESSAGE][PASSED] - Text 'test@test.test-test.com' is set on object 'Object Repository/Landing Page Objects/Sign In popup/Input Field Email Address'

2018-02-25 17:08:30 - [TEST_STEP][PASSED] - setText: Text 'qwerty35' is set on object 'Object Repository/Landing Page Objects/Sign In popup/Input Field Password'

2018-02-25 17:08:30 - [MESSAGE][PASSED] - Text 'qwerty35' is set on object 'Object Repository/Landing Page Objects/Sign In popup/Input Field Password'

2018-02-25 17:08:30 - [TEST_STEP][PASSED] - verifyElementClickable: Object 'Object Repository/Landing Page Objects/Sign In popup/Button Sign In' is clickable

2018-02-25 17:08:30 - [MESSAGE][PASSED] - Object 'Object Repository/Landing Page Objects/Sign In popup/Button Sign In' is clickable

2018-02-25 17:08:30 - [TEST_STEP][PASSED] - setText: Text '#!$%&'*+-/=?^_`{}|~@test.org' is set on object 'Object Repository/Landing Page Objects/Sign In popup/Input Field Email Address'

2018-02-25 17:08:31 - [MESSAGE][PASSED] - Text '#!$%&'*+-/=?^_`{}|~@test.org' is set on object 'Object Repository/Landing Page Objects/Sign In popup/Input Field Email Address'

2018-02-25 17:08:31 - [TEST_STEP][PASSED] - setText: Text 'qwerty36' is set on object 'Object Repository/Landing Page Objects/Sign In popup/Input Field Password'

2018-02-25 17:08:31 - [MESSAGE][PASSED] - Text 'qwerty36' is set on object 'Object Repository/Landing Page Objects/Sign In popup/Input Field Password'

2018-02-25 17:08:31 - [TEST_STEP][PASSED] - verifyElementClickable: Object 'Object Repository/Landing Page Objects/Sign In popup/Button Sign In' is clickable

2018-02-25 17:08:31 - [MESSAGE][PASSED] - Object 'Object Repository/Landing Page Objects/Sign In popup/Button Sign In' is clickable

2018-02-25 17:08:31 - [TEST_STEP][PASSED] - closeBrowser: Browser is closed

2018-02-25 17:08:31 - [MESSAGE][PASSED] - Browser is closed]]></system-out>
         <system-err><![CDATA[]]></system-err>
      </testcase>
      <system-out><![CDATA[2018-02-25 17:07:48 - [TEST_SUITE][PASSED] - Landing page: Test Cases/DDT Sign In]]></system-out>
      <system-err><![CDATA[]]></system-err>
   </testsuite>
</testsuites>
